2022-10-14 14:45:53,051 INFO [main] o.a.n.b.NotificationServiceManager Successfully loaded the following 0 services: []
2022-10-14 14:45:53,054 INFO [main] org.apache.nifi.bootstrap.RunNiFi Registered no Notification Services for Notification Type NIFI_STARTED
2022-10-14 14:45:53,054 INFO [main] org.apache.nifi.bootstrap.RunNiFi Registered no Notification Services for Notification Type NIFI_STOPPED
2022-10-14 14:45:53,054 INFO [main] org.apache.nifi.bootstrap.RunNiFi Registered no Notification Services for Notification Type NIFI_DIED
2022-10-14 14:45:53,059 INFO [main] org.apache.nifi.bootstrap.RunNiFi Runtime Java version: 1.8.0_202
2022-10-14 14:45:53,100 INFO [main] org.apache.nifi.bootstrap.Command Generating Self-Signed Certificate: Expires on 2022-12-13
2022-10-14 14:45:56,130 INFO [main] org.apache.nifi.bootstrap.Command Generated Self-Signed Certificate SHA-256: 92AEE1ACA4D58FD17724CE535B4055AB118332AA806938569BAA4C151831102D
2022-10-14 14:45:56,163 INFO [main] org.apache.nifi.bootstrap.Command Starting Apache NiFi...
2022-10-14 14:45:56,163 INFO [main] org.apache.nifi.bootstrap.Command Working Directory: D:\java-project\nexus\nifi
2022-10-14 14:45:56,163 INFO [main] org.apache.nifi.bootstrap.Command Command: C:\Program Files\Java\jdk1.8.0_202\bin\java.exe -classpath D:\java-project\nexus\nifi\.\conf;D:\java-project\nexus\nifi\.\lib\javax.servlet-api-3.1.0.jar;D:\java-project\nexus\nifi\.\lib\jcl-over-slf4j-1.7.36.jar;D:\java-project\nexus\nifi\.\lib\jetty-schemas-5.2.jar;D:\java-project\nexus\nifi\.\lib\jul-to-slf4j-1.7.36.jar;D:\java-project\nexus\nifi\.\lib\log4j-over-slf4j-1.7.36.jar;D:\java-project\nexus\nifi\.\lib\logback-classic-1.2.11.jar;D:\java-project\nexus\nifi\.\lib\logback-core-1.2.11.jar;D:\java-project\nexus\nifi\.\lib\nifi-api-1.18.0.jar;D:\java-project\nexus\nifi\.\lib\nifi-framework-api-1.18.0.jar;D:\java-project\nexus\nifi\.\lib\nifi-nar-utils-1.18.0.jar;D:\java-project\nexus\nifi\.\lib\nifi-properties-1.18.0.jar;D:\java-project\nexus\nifi\.\lib\nifi-property-utils-1.18.0.jar;D:\java-project\nexus\nifi\.\lib\nifi-runtime-1.18.0.jar;D:\java-project\nexus\nifi\.\lib\nifi-server-api-1.18.0.jar;D:\java-project\nexus\nifi\.\lib\nifi-stateless-api-1.18.0.jar;D:\java-project\nexus\nifi\.\lib\nifi-stateless-bootstrap-1.18.0.jar;D:\java-project\nexus\nifi\.\lib\slf4j-api-1.7.36.jar -Dorg.apache.jasper.compiler.disablejsr199=true -Xmx512m -Xms512m -Dcurator-log-only-first-connection-issue-as-error-level=true -Djavax.security.auth.useSubjectCredsOnly=true -Djava.security.egd=file:/dev/urandom -Dzookeeper.admin.enableServer=false -Dsun.net.http.allowRestrictedHeaders=true -Djava.net.preferIPv4Stack=true -Djava.awt.headless=true -Djava.protocol.handler.pkgs=sun.net.www.protocol -Dnifi.properties.file.path=D:\java-project\nexus\nifi\.\conf\nifi.properties -Dnifi.bootstrap.listen.port=50999 -Dapp=NiFi -Dorg.apache.nifi.bootstrap.config.log.dir=D:\java-project\nexus\nifi\bin\..\\logs org.apache.nifi.NiFi 
2022-10-14 14:45:56,179 INFO [main] org.apache.nifi.bootstrap.Command Failed to determine Process ID from [java.lang.ProcessImpl]: java.lang.Process.pid()
2022-10-14 14:45:56,180 WARN [main] org.apache.nifi.bootstrap.Command Launched Apache NiFi but could not determined the Process ID
2022-10-14 14:45:57,259 WARN [NiFi Bootstrap Command Listener] org.apache.nifi.bootstrap.RunNiFi Failed to set permissions so that only the owner can read status file D:\java-project\nexus\nifi\bin\..\run\nifi.status; this may allows others to have access to the key needed to communicate with NiFi. Permissions should be changed so that only the owner can read this file
2022-10-14 14:45:57,262 INFO [NiFi Bootstrap Command Listener] org.apache.nifi.bootstrap.RunNiFi Apache NiFi now running and listening for Bootstrap requests on port 51008
2022-10-14 14:48:07,548 INFO [main] o.a.n.b.NotificationServiceManager Successfully loaded the following 0 services: []
2022-10-14 14:48:07,551 INFO [main] org.apache.nifi.bootstrap.RunNiFi Registered no Notification Services for Notification Type NIFI_STARTED
2022-10-14 14:48:07,551 INFO [main] org.apache.nifi.bootstrap.RunNiFi Registered no Notification Services for Notification Type NIFI_STOPPED
2022-10-14 14:48:07,551 INFO [main] org.apache.nifi.bootstrap.RunNiFi Registered no Notification Services for Notification Type NIFI_DIED
2022-10-14 14:48:07,555 INFO [main] org.apache.nifi.bootstrap.RunNiFi Runtime Java version: 1.8.0_202
2022-10-14 14:48:07,588 INFO [main] org.apache.nifi.bootstrap.Command Starting Apache NiFi...
2022-10-14 14:48:07,588 INFO [main] org.apache.nifi.bootstrap.Command Working Directory: D:\java-project\nexus\nifi
2022-10-14 14:48:07,589 INFO [main] org.apache.nifi.bootstrap.Command Command: C:\Program Files\Java\jdk1.8.0_202\bin\java.exe -classpath D:\java-project\nexus\nifi\.\conf;D:\java-project\nexus\nifi\.\lib\javax.servlet-api-3.1.0.jar;D:\java-project\nexus\nifi\.\lib\jcl-over-slf4j-1.7.36.jar;D:\java-project\nexus\nifi\.\lib\jetty-schemas-5.2.jar;D:\java-project\nexus\nifi\.\lib\jul-to-slf4j-1.7.36.jar;D:\java-project\nexus\nifi\.\lib\log4j-over-slf4j-1.7.36.jar;D:\java-project\nexus\nifi\.\lib\logback-classic-1.2.11.jar;D:\java-project\nexus\nifi\.\lib\logback-core-1.2.11.jar;D:\java-project\nexus\nifi\.\lib\nifi-api-1.18.0.jar;D:\java-project\nexus\nifi\.\lib\nifi-framework-api-1.18.0.jar;D:\java-project\nexus\nifi\.\lib\nifi-nar-utils-1.18.0.jar;D:\java-project\nexus\nifi\.\lib\nifi-properties-1.18.0.jar;D:\java-project\nexus\nifi\.\lib\nifi-property-utils-1.18.0.jar;D:\java-project\nexus\nifi\.\lib\nifi-runtime-1.18.0.jar;D:\java-project\nexus\nifi\.\lib\nifi-server-api-1.18.0.jar;D:\java-project\nexus\nifi\.\lib\nifi-stateless-api-1.18.0.jar;D:\java-project\nexus\nifi\.\lib\nifi-stateless-bootstrap-1.18.0.jar;D:\java-project\nexus\nifi\.\lib\slf4j-api-1.7.36.jar -Dorg.apache.jasper.compiler.disablejsr199=true -Xmx512m -Xms512m -Dcurator-log-only-first-connection-issue-as-error-level=true -Djavax.security.auth.useSubjectCredsOnly=true -Djava.security.egd=file:/dev/urandom -Dzookeeper.admin.enableServer=false -Dsun.net.http.allowRestrictedHeaders=true -Djava.net.preferIPv4Stack=true -Djava.awt.headless=true -Djava.protocol.handler.pkgs=sun.net.www.protocol -Dnifi.properties.file.path=D:\java-project\nexus\nifi\.\conf\nifi.properties -Dnifi.bootstrap.listen.port=51307 -Dapp=NiFi -Dorg.apache.nifi.bootstrap.config.log.dir=D:\java-project\nexus\nifi\bin\..\\logs org.apache.nifi.NiFi 
2022-10-14 14:48:07,601 INFO [main] org.apache.nifi.bootstrap.Command Failed to determine Process ID from [java.lang.ProcessImpl]: java.lang.Process.pid()
2022-10-14 14:48:07,602 WARN [main] org.apache.nifi.bootstrap.Command Launched Apache NiFi but could not determined the Process ID
2022-10-14 14:48:08,543 WARN [NiFi Bootstrap Command Listener] org.apache.nifi.bootstrap.RunNiFi Failed to set permissions so that only the owner can read status file D:\java-project\nexus\nifi\bin\..\run\nifi.status; this may allows others to have access to the key needed to communicate with NiFi. Permissions should be changed so that only the owner can read this file
2022-10-14 14:48:08,548 INFO [NiFi Bootstrap Command Listener] org.apache.nifi.bootstrap.RunNiFi Apache NiFi now running and listening for Bootstrap requests on port 51310
